2019/10/11-11:18 [main] DEBUG org.springframework.web.context.ContextLoader- Published root WebApplicationContext as ServletContext attribute with name [org.springframework.web.context.WebApplicationContext.ROOT]
2019/10/11-11:18 [main] INFO  org.springframework.web.context.ContextLoader- Root WebApplicationContext: initialization completed in 991 ms
2019/10/11-11:18 [main] DEBUG org.springframework.web.servlet.handler.SimpleUrlHandlerMapping- Patterns [/**/favicon.ico] in 'faviconHandlerMapping'
2019/10/11-11:18 [main] DEBUG org.springframework.web.servlet.mvc.method.annotation.RequestMappingHandlerAdapter- ControllerAdvice beans: 0 @ModelAttribute, 0 @InitBinder, 1 RequestBodyAdvice, 1 ResponseBodyAdvice
2019/10/11-11:18 [main] DEBUG org.springframework.web.servlet.mvc.method.annotation.RequestMappingHandlerMapping- 4 mappings in 'requestMappingHandlerMapping'
2019/10/11-11:18 [main] DEBUG org.springframework.web.servlet.handler.SimpleUrlHandlerMapping- Patterns [/webjars/**, /**] in 'resourceHandlerMapping'
2019/10/11-11:18 [main] DEBUG org.springframework.web.servlet.mvc.method.annotation.ExceptionHandlerExceptionResolver- ControllerAdvice beans: 0 @ExceptionHandler, 1 ResponseBodyAdvice
2019/10/11-11:18 [http-nio-8080-exec-1] INFO  org.springframework.web.servlet.DispatcherServlet- Initializing Servlet 'dispatcherServlet'
2019/10/11-11:18 [http-nio-8080-exec-1] DEBUG org.springframework.web.servlet.DispatcherServlet- Detected StandardServletMultipartResolver
2019/10/11-11:18 [http-nio-8080-exec-1] DEBUG org.springframework.web.servlet.DispatcherServlet- enableLoggingRequestDetails='false': request parameters and headers will be masked to prevent unsafe logging of potentially sensitive data
2019/10/11-11:18 [http-nio-8080-exec-1] INFO  org.springframework.web.servlet.DispatcherServlet- Completed initialization in 9 ms
2019/10/11-11:18 [http-nio-8080-exec-1] DEBUG org.springframework.web.servlet.DispatcherServlet- POST "/orderCheck", parameters={masked}
2019/10/11-11:18 [http-nio-8080-exec-1] DEBUG org.springframework.web.servlet.mvc.method.annotation.RequestMappingHandlerMapping- Mapped to public com.baobao.bo.BasicResponseModel com.baobao.controller.ReceiveDataController.orderCheck(com.baobao.bo.BasicResponseModel)
2019/10/11-11:18 [http-nio-8080-exec-1] WARN  org.springframework.web.servlet.mvc.support.DefaultHandlerExceptionResolver- Resolved [org.springframework.http.converter.HttpMessageNotWritableException: No converter found for return value of type: class com.baobao.bo.BasicResponseModel]
2019/10/11-11:18 [http-nio-8080-exec-1] DEBUG org.springframework.web.servlet.DispatcherServlet- Completed 500 INTERNAL_SERVER_ERROR
2019/10/11-11:18 [http-nio-8080-exec-1] DEBUG org.springframework.web.servlet.DispatcherServlet- "ERROR" dispatch for POST "/error", parameters={masked}
2019/10/11-11:18 [http-nio-8080-exec-1] DEBUG org.springframework.web.servlet.mvc.method.annotation.RequestMappingHandlerMapping- Mapped to public org.springframework.http.ResponseEntity<java.util.Map<java.lang.String, java.lang.Object>> org.springframework.boot.autoconfigure.web.servlet.error.BasicErrorController.error(javax.servlet.http.HttpServletRequest)
2019/10/11-11:18 [http-nio-8080-exec-1] DEBUG org.springframework.web.servlet.mvc.method.annotation.HttpEntityMethodProcessor- Using 'application/json', given [*/*] and supported [application/json, application/*+json, application/json, application/*+json]
2019/10/11-11:18 [http-nio-8080-exec-1] DEBUG org.springframework.web.servlet.mvc.method.annotation.HttpEntityMethodProcessor- Writing [{timestamp=Fri Oct 11 11:18:23 CST 2019, status=500, error=Internal Server Error, message=No convert (truncated)...]
2019/10/11-11:18 [http-nio-8080-exec-1] DEBUG org.springframework.web.servlet.DispatcherServlet- Exiting from "ERROR" dispatch, status 500
2019/10/11-11:32 [main] DEBUG org.springframework.web.context.ContextLoader- Published root WebApplicationContext as ServletContext attribute with name [org.springframework.web.context.WebApplicationContext.ROOT]
2019/10/11-11:32 [main] INFO  org.springframework.web.context.ContextLoader- Root WebApplicationContext: initialization completed in 958 ms
2019/10/11-11:32 [main] DEBUG org.springframework.web.servlet.handler.SimpleUrlHandlerMapping- Patterns [/**/favicon.ico] in 'faviconHandlerMapping'
2019/10/11-11:32 [main] DEBUG org.springframework.web.servlet.mvc.method.annotation.RequestMappingHandlerAdapter- ControllerAdvice beans: 0 @ModelAttribute, 0 @InitBinder, 1 RequestBodyAdvice, 1 ResponseBodyAdvice
2019/10/11-11:32 [main] DEBUG org.springframework.web.servlet.mvc.method.annotation.RequestMappingHandlerMapping- 4 mappings in 'requestMappingHandlerMapping'
2019/10/11-11:32 [main] DEBUG org.springframework.web.servlet.handler.SimpleUrlHandlerMapping- Patterns [/webjars/**, /**] in 'resourceHandlerMapping'
2019/10/11-11:32 [main] DEBUG org.springframework.web.servlet.mvc.method.annotation.ExceptionHandlerExceptionResolver- ControllerAdvice beans: 0 @ExceptionHandler, 1 ResponseBodyAdvice
2019/10/11-11:32 [http-nio-8080-exec-1] INFO  org.springframework.web.servlet.DispatcherServlet- Initializing Servlet 'dispatcherServlet'
2019/10/11-11:32 [http-nio-8080-exec-1] DEBUG org.springframework.web.servlet.DispatcherServlet- Detected StandardServletMultipartResolver
2019/10/11-11:32 [http-nio-8080-exec-1] DEBUG org.springframework.web.servlet.DispatcherServlet- enableLoggingRequestDetails='false': request parameters and headers will be masked to prevent unsafe logging of potentially sensitive data
2019/10/11-11:32 [http-nio-8080-exec-1] INFO  org.springframework.web.servlet.DispatcherServlet- Completed initialization in 9 ms
2019/10/11-11:32 [http-nio-8080-exec-1] DEBUG org.springframework.web.servlet.DispatcherServlet- POST "/orderCheck", parameters={masked}
2019/10/11-11:32 [http-nio-8080-exec-1] DEBUG org.springframework.web.servlet.mvc.method.annotation.RequestMappingHandlerMapping- Mapped to public com.baobao.bo.BasicResponseModel com.baobao.controller.ReceiveDataController.orderCheck(com.baobao.bo.BasicResponseModel)
2019/10/11-11:32 [http-nio-8080-exec-1] WARN  org.springframework.web.servlet.mvc.support.DefaultHandlerExceptionResolver- Resolved [org.springframework.http.converter.HttpMessageNotWritableException: No converter found for return value of type: class com.baobao.bo.BasicResponseModel]
2019/10/11-11:32 [http-nio-8080-exec-1] DEBUG org.springframework.web.servlet.DispatcherServlet- Completed 500 INTERNAL_SERVER_ERROR
2019/10/11-11:32 [http-nio-8080-exec-1] DEBUG org.springframework.web.servlet.DispatcherServlet- "ERROR" dispatch for POST "/error", parameters={masked}
2019/10/11-11:32 [http-nio-8080-exec-1] DEBUG org.springframework.web.servlet.mvc.method.annotation.RequestMappingHandlerMapping- Mapped to public org.springframework.http.ResponseEntity<java.util.Map<java.lang.String, java.lang.Object>> org.springframework.boot.autoconfigure.web.servlet.error.BasicErrorController.error(javax.servlet.http.HttpServletRequest)
2019/10/11-11:32 [http-nio-8080-exec-1] DEBUG org.springframework.web.servlet.mvc.method.annotation.HttpEntityMethodProcessor- Using 'application/json', given [*/*] and supported [application/json, application/*+json, application/json, application/*+json]
2019/10/11-11:32 [http-nio-8080-exec-1] DEBUG org.springframework.web.servlet.mvc.method.annotation.HttpEntityMethodProcessor- Writing [{timestamp=Fri Oct 11 11:32:48 CST 2019, status=500, error=Internal Server Error, message=No convert (truncated)...]
2019/10/11-11:32 [http-nio-8080-exec-1] DEBUG org.springframework.web.servlet.DispatcherServlet- Exiting from "ERROR" dispatch, status 500
2019/10/11-14:04 [main] DEBUG org.springframework.web.context.ContextLoader- Published root WebApplicationContext as ServletContext attribute with name [org.springframework.web.context.WebApplicationContext.ROOT]
2019/10/11-14:04 [main] INFO  org.springframework.web.context.ContextLoader- Root WebApplicationContext: initialization completed in 1095 ms
2019/10/11-14:04 [main] DEBUG org.springframework.web.servlet.handler.SimpleUrlHandlerMapping- Patterns [/**/favicon.ico] in 'faviconHandlerMapping'
2019/10/11-14:04 [main] DEBUG org.springframework.web.servlet.mvc.method.annotation.RequestMappingHandlerAdapter- ControllerAdvice beans: 0 @ModelAttribute, 0 @InitBinder, 1 RequestBodyAdvice, 1 ResponseBodyAdvice
2019/10/11-14:04 [main] DEBUG org.springframework.web.servlet.mvc.method.annotation.RequestMappingHandlerMapping- 4 mappings in 'requestMappingHandlerMapping'
2019/10/11-14:04 [main] DEBUG org.springframework.web.servlet.handler.SimpleUrlHandlerMapping- Patterns [/webjars/**, /**] in 'resourceHandlerMapping'
2019/10/11-14:04 [main] DEBUG org.springframework.web.servlet.mvc.method.annotation.ExceptionHandlerExceptionResolver- ControllerAdvice beans: 0 @ExceptionHandler, 1 ResponseBodyAdvice
2019/10/11-14:04 [http-nio-8080-exec-1] INFO  org.springframework.web.servlet.DispatcherServlet- Initializing Servlet 'dispatcherServlet'
2019/10/11-14:04 [http-nio-8080-exec-1] DEBUG org.springframework.web.servlet.DispatcherServlet- Detected StandardServletMultipartResolver
2019/10/11-14:04 [http-nio-8080-exec-1] DEBUG org.springframework.web.servlet.DispatcherServlet- enableLoggingRequestDetails='false': request parameters and headers will be masked to prevent unsafe logging of potentially sensitive data
2019/10/11-14:04 [http-nio-8080-exec-1] INFO  org.springframework.web.servlet.DispatcherServlet- Completed initialization in 29 ms
2019/10/11-14:04 [http-nio-8080-exec-1] DEBUG org.springframework.web.servlet.DispatcherServlet- POST "/orderCheck", parameters={masked}
2019/10/11-14:04 [http-nio-8080-exec-1] DEBUG org.springframework.web.servlet.mvc.method.annotation.RequestMappingHandlerMapping- Mapped to public java.lang.String com.baobao.controller.ReceiveDataController.orderCheck(com.baobao.bo.BasicResponseModel)
2019/10/11-14:04 [http-nio-8080-exec-1] DEBUG org.springframework.web.servlet.mvc.method.annotation.RequestResponseBodyMethodProcessor- Using 'text/plain', given [*/*] and supported [text/plain, */*, text/plain, */*, application/json, application/*+json, application/json, application/*+json]
2019/10/11-14:04 [http-nio-8080-exec-1] DEBUG org.springframework.web.servlet.mvc.method.annotation.RequestResponseBodyMethodProcessor- Writing ["ok"]
2019/10/11-14:04 [http-nio-8080-exec-1] DEBUG org.springframework.web.servlet.DispatcherServlet- Completed 200 OK
2019/10/11-14:05 [main] DEBUG org.springframework.web.context.ContextLoader- Published root WebApplicationContext as ServletContext attribute with name [org.springframework.web.context.WebApplicationContext.ROOT]
2019/10/11-14:05 [main] INFO  org.springframework.web.context.ContextLoader- Root WebApplicationContext: initialization completed in 794 ms
2019/10/11-14:05 [main] DEBUG org.springframework.web.servlet.handler.SimpleUrlHandlerMapping- Patterns [/**/favicon.ico] in 'faviconHandlerMapping'
2019/10/11-14:05 [main] DEBUG org.springframework.web.servlet.mvc.method.annotation.RequestMappingHandlerAdapter- ControllerAdvice beans: 0 @ModelAttribute, 0 @InitBinder, 1 RequestBodyAdvice, 1 ResponseBodyAdvice
2019/10/11-14:05 [main] DEBUG org.springframework.web.servlet.mvc.method.annotation.RequestMappingHandlerMapping- 4 mappings in 'requestMappingHandlerMapping'
2019/10/11-14:05 [main] DEBUG org.springframework.web.servlet.handler.SimpleUrlHandlerMapping- Patterns [/webjars/**, /**] in 'resourceHandlerMapping'
2019/10/11-14:05 [main] DEBUG org.springframework.web.servlet.mvc.method.annotation.ExceptionHandlerExceptionResolver- ControllerAdvice beans: 0 @ExceptionHandler, 1 ResponseBodyAdvice
2019/10/11-14:05 [http-nio-8080-exec-1] INFO  org.springframework.web.servlet.DispatcherServlet- Initializing Servlet 'dispatcherServlet'
2019/10/11-14:05 [http-nio-8080-exec-1] DEBUG org.springframework.web.servlet.DispatcherServlet- Detected StandardServletMultipartResolver
2019/10/11-14:05 [http-nio-8080-exec-1] DEBUG org.springframework.web.servlet.DispatcherServlet- enableLoggingRequestDetails='false': request parameters and headers will be masked to prevent unsafe logging of potentially sensitive data
2019/10/11-14:05 [http-nio-8080-exec-1] INFO  org.springframework.web.servlet.DispatcherServlet- Completed initialization in 59 ms
2019/10/11-14:05 [http-nio-8080-exec-1] DEBUG org.springframework.web.servlet.DispatcherServlet- POST "/orderCheck", parameters={masked}
2019/10/11-14:05 [http-nio-8080-exec-1] DEBUG org.springframework.web.servlet.mvc.method.annotation.RequestMappingHandlerMapping- Mapped to public java.lang.String com.baobao.controller.ReceiveDataController.orderCheck(com.baobao.bo.BasicResponseModel)
2019/10/11-14:05 [http-nio-8080-exec-1] DEBUG org.springframework.web.servlet.mvc.method.annotation.RequestResponseBodyMethodProcessor- Using 'text/plain', given [*/*] and supported [text/plain, */*, text/plain, */*, application/json, application/*+json, application/json, application/*+json]
2019/10/11-14:05 [http-nio-8080-exec-1] DEBUG org.springframework.web.servlet.mvc.method.annotation.RequestResponseBodyMethodProcessor- Writing ["ok"]
2019/10/11-14:05 [http-nio-8080-exec-1] DEBUG org.springframework.web.servlet.DispatcherServlet- Completed 200 OK
2019/10/11-14:54 [main] DEBUG org.springframework.web.context.ContextLoader- Published root WebApplicationContext as ServletContext attribute with name [org.springframework.web.context.WebApplicationContext.ROOT]
2019/10/11-14:54 [main] INFO  org.springframework.web.context.ContextLoader- Root WebApplicationContext: initialization completed in 814 ms
2019/10/11-14:54 [main] DEBUG org.springframework.web.servlet.handler.SimpleUrlHandlerMapping- Patterns [/**/favicon.ico] in 'faviconHandlerMapping'
2019/10/11-14:54 [main] DEBUG org.springframework.web.servlet.mvc.method.annotation.RequestMappingHandlerAdapter- ControllerAdvice beans: 0 @ModelAttribute, 0 @InitBinder, 1 RequestBodyAdvice, 1 ResponseBodyAdvice
2019/10/11-14:54 [main] DEBUG org.springframework.web.servlet.mvc.method.annotation.RequestMappingHandlerMapping- 4 mappings in 'requestMappingHandlerMapping'
2019/10/11-14:54 [main] DEBUG org.springframework.web.servlet.handler.SimpleUrlHandlerMapping- Patterns [/webjars/**, /**] in 'resourceHandlerMapping'
2019/10/11-14:54 [main] DEBUG org.springframework.web.servlet.mvc.method.annotation.ExceptionHandlerExceptionResolver- ControllerAdvice beans: 0 @ExceptionHandler, 1 ResponseBodyAdvice
2019/10/11-14:55 [http-nio-8080-exec-2] INFO  org.springframework.web.servlet.DispatcherServlet- Initializing Servlet 'dispatcherServlet'
2019/10/11-14:55 [http-nio-8080-exec-2] DEBUG org.springframework.web.servlet.DispatcherServlet- Detected StandardServletMultipartResolver
2019/10/11-14:55 [http-nio-8080-exec-2] DEBUG org.springframework.web.servlet.DispatcherServlet- enableLoggingRequestDetails='false': request parameters and headers will be masked to prevent unsafe logging of potentially sensitive data
2019/10/11-14:55 [http-nio-8080-exec-2] INFO  org.springframework.web.servlet.DispatcherServlet- Completed initialization in 18 ms
2019/10/11-14:55 [http-nio-8080-exec-2] DEBUG org.springframework.web.servlet.DispatcherServlet- POST "/orderCheck", parameters={masked}
2019/10/11-14:55 [http-nio-8080-exec-2] DEBUG org.springframework.web.servlet.mvc.method.annotation.RequestMappingHandlerMapping- Mapped to public com.baobao.bo.BasicResponseModel com.baobao.controller.ReceiveDataController.orderPreCheck()
2019/10/11-14:55 [http-nio-8080-exec-2] DEBUG org.springframework.web.servlet.mvc.method.annotation.RequestResponseBodyMethodProcessor- Using 'application/json', given [*/*] and supported [application/json, application/*+json, application/json, application/*+json]
2019/10/11-14:55 [http-nio-8080-exec-2] DEBUG org.springframework.web.servlet.mvc.method.annotation.RequestResponseBodyMethodProcessor- Writing [com.baobao.bo.BasicResponseModel@1dc0d41d]
2019/10/11-14:55 [http-nio-8080-exec-2] DEBUG org.springframework.web.servlet.DispatcherServlet- Completed 200 OK
2019/10/11-15:00 [main] DEBUG org.springframework.web.context.ContextLoader- Published root WebApplicationContext as ServletContext attribute with name [org.springframework.web.context.WebApplicationContext.ROOT]
2019/10/11-15:00 [main] INFO  org.springframework.web.context.ContextLoader- Root WebApplicationContext: initialization completed in 912 ms
2019/10/11-15:00 [main] DEBUG org.springframework.web.servlet.handler.SimpleUrlHandlerMapping- Patterns [/**/favicon.ico] in 'faviconHandlerMapping'
2019/10/11-15:00 [main] DEBUG org.springframework.web.servlet.mvc.method.annotation.RequestMappingHandlerAdapter- ControllerAdvice beans: 0 @ModelAttribute, 0 @InitBinder, 1 RequestBodyAdvice, 1 ResponseBodyAdvice
2019/10/11-15:00 [main] DEBUG org.springframework.web.servlet.mvc.method.annotation.RequestMappingHandlerMapping- 4 mappings in 'requestMappingHandlerMapping'
2019/10/11-15:00 [main] DEBUG org.springframework.web.servlet.handler.SimpleUrlHandlerMapping- Patterns [/webjars/**, /**] in 'resourceHandlerMapping'
2019/10/11-15:00 [main] DEBUG org.springframework.web.servlet.mvc.method.annotation.ExceptionHandlerExceptionResolver- ControllerAdvice beans: 0 @ExceptionHandler, 1 ResponseBodyAdvice
2019/10/11-15:00 [http-nio-8080-exec-1] INFO  org.springframework.web.servlet.DispatcherServlet- Initializing Servlet 'dispatcherServlet'
2019/10/11-15:00 [http-nio-8080-exec-1] DEBUG org.springframework.web.servlet.DispatcherServlet- Detected StandardServletMultipartResolver
2019/10/11-15:00 [http-nio-8080-exec-1] DEBUG org.springframework.web.servlet.DispatcherServlet- enableLoggingRequestDetails='false': request parameters and headers will be masked to prevent unsafe logging of potentially sensitive data
2019/10/11-15:00 [http-nio-8080-exec-1] INFO  org.springframework.web.servlet.DispatcherServlet- Completed initialization in 22 ms
2019/10/11-15:00 [http-nio-8080-exec-1] DEBUG org.springframework.web.servlet.DispatcherServlet- POST "/orderPreCheck", parameters={masked}
2019/10/11-15:00 [http-nio-8080-exec-1] DEBUG org.springframework.web.servlet.mvc.method.annotation.RequestMappingHandlerMapping- Mapped to public com.baobao.bo.BasicResponseModel com.baobao.controller.ReceiveDataController.orderPreCheck()
2019/10/11-15:00 [http-nio-8080-exec-1] DEBUG org.springframework.web.servlet.mvc.method.annotation.RequestResponseBodyMethodProcessor- Using 'application/json', given [*/*] and supported [application/json, application/*+json, application/json, application/*+json]
2019/10/11-15:00 [http-nio-8080-exec-1] DEBUG org.springframework.web.servlet.mvc.method.annotation.RequestResponseBodyMethodProcessor- Writing [com.baobao.bo.BasicResponseModel@67f4b627]
2019/10/11-15:00 [http-nio-8080-exec-1] DEBUG org.springframework.web.servlet.DispatcherServlet- Completed 200 OK
2019/10/11-15:29 [main] DEBUG org.springframework.web.context.ContextLoader- Published root WebApplicationContext as ServletContext attribute with name [org.springframework.web.context.WebApplicationContext.ROOT]
2019/10/11-15:29 [main] INFO  org.springframework.web.context.ContextLoader- Root WebApplicationContext: initialization completed in 945 ms
2019/10/11-15:29 [main] DEBUG org.springframework.web.servlet.handler.SimpleUrlHandlerMapping- Patterns [/**/favicon.ico] in 'faviconHandlerMapping'
2019/10/11-15:29 [main] DEBUG org.springframework.web.servlet.mvc.method.annotation.RequestMappingHandlerAdapter- ControllerAdvice beans: 0 @ModelAttribute, 0 @InitBinder, 1 RequestBodyAdvice, 1 ResponseBodyAdvice
2019/10/11-15:29 [main] DEBUG org.springframework.web.servlet.mvc.method.annotation.RequestMappingHandlerMapping- 4 mappings in 'requestMappingHandlerMapping'
2019/10/11-15:29 [main] DEBUG org.springframework.web.servlet.handler.SimpleUrlHandlerMapping- Patterns [/webjars/**, /**] in 'resourceHandlerMapping'
2019/10/11-15:29 [main] DEBUG org.springframework.web.servlet.mvc.method.annotation.ExceptionHandlerExceptionResolver- ControllerAdvice beans: 0 @ExceptionHandler, 1 ResponseBodyAdvice
2019/10/11-15:30 [http-nio-8080-exec-1] INFO  org.springframework.web.servlet.DispatcherServlet- Initializing Servlet 'dispatcherServlet'
2019/10/11-15:30 [http-nio-8080-exec-1] DEBUG org.springframework.web.servlet.DispatcherServlet- Detected StandardServletMultipartResolver
2019/10/11-15:30 [http-nio-8080-exec-1] DEBUG org.springframework.web.servlet.DispatcherServlet- enableLoggingRequestDetails='false': request parameters and headers will be masked to prevent unsafe logging of potentially sensitive data
2019/10/11-15:30 [http-nio-8080-exec-1] INFO  org.springframework.web.servlet.DispatcherServlet- Completed initialization in 10 ms
2019/10/11-15:30 [http-nio-8080-exec-1] DEBUG org.springframework.web.servlet.DispatcherServlet- GET "/orderPreCheck", parameters={}
2019/10/11-15:30 [http-nio-8080-exec-1] WARN  org.springframework.web.servlet.mvc.support.DefaultHandlerExceptionResolver- Resolved [org.springframework.web.HttpRequestMethodNotSupportedException: Request method 'GET' not supported]
2019/10/11-15:30 [http-nio-8080-exec-1] DEBUG org.springframework.web.servlet.DispatcherServlet- Completed 405 METHOD_NOT_ALLOWED
2019/10/11-15:30 [http-nio-8080-exec-1] DEBUG org.springframework.web.servlet.DispatcherServlet- "ERROR" dispatch for GET "/error", parameters={}
2019/10/11-15:30 [http-nio-8080-exec-1] DEBUG org.springframework.web.servlet.mvc.method.annotation.RequestMappingHandlerMapping- Mapped to public org.springframework.web.servlet.ModelAndView org.springframework.boot.autoconfigure.web.servlet.error.BasicErrorController.errorHtml(javax.servlet.http.HttpServletRequest,javax.servlet.http.HttpServletResponse)
2019/10/11-15:30 [http-nio-8080-exec-1] DEBUG org.springframework.web.servlet.view.ContentNegotiatingViewResolver- Selected 'text/html' given [text/html, text/html;q=0.8]
2019/10/11-15:30 [http-nio-8080-exec-1] DEBUG org.springframework.web.servlet.DispatcherServlet- Exiting from "ERROR" dispatch, status 405
2019/10/11-15:30 [http-nio-8080-exec-2] DEBUG org.springframework.web.servlet.DispatcherServlet- GET "/favicon.ico", parameters={}
2019/10/11-15:30 [http-nio-8080-exec-2] DEBUG org.springframework.web.servlet.handler.SimpleUrlHandlerMapping- Mapped to ResourceHttpRequestHandler [class path resource [META-INF/resources/], class path resource [resources/], class path resource [static/], class path resource [public/], ServletContext resource [/], class path resource []]
2019/10/11-15:30 [http-nio-8080-exec-2] DEBUG org.springframework.web.servlet.DispatcherServlet- Completed 200 OK
2019/10/11-15:33 [http-nio-8080-exec-5] DEBUG org.springframework.web.servlet.DispatcherServlet- GET "/orderPreCheck", parameters={}
2019/10/11-15:33 [http-nio-8080-exec-5] WARN  org.springframework.web.servlet.mvc.support.DefaultHandlerExceptionResolver- Resolved [org.springframework.web.HttpRequestMethodNotSupportedException: Request method 'GET' not supported]
2019/10/11-15:33 [http-nio-8080-exec-5] DEBUG org.springframework.web.servlet.DispatcherServlet- Completed 405 METHOD_NOT_ALLOWED
2019/10/11-15:33 [http-nio-8080-exec-5] DEBUG org.springframework.web.servlet.DispatcherServlet- "ERROR" dispatch for GET "/error", parameters={}
2019/10/11-15:33 [http-nio-8080-exec-5] DEBUG org.springframework.web.servlet.mvc.method.annotation.RequestMappingHandlerMapping- Mapped to public org.springframework.web.servlet.ModelAndView org.springframework.boot.autoconfigure.web.servlet.error.BasicErrorController.errorHtml(javax.servlet.http.HttpServletRequest,javax.servlet.http.HttpServletResponse)
2019/10/11-15:33 [http-nio-8080-exec-5] DEBUG org.springframework.web.servlet.view.ContentNegotiatingViewResolver- Selected 'text/html' given [text/html, text/html;q=0.8]
2019/10/11-15:33 [http-nio-8080-exec-5] DEBUG org.springframework.web.servlet.DispatcherServlet- Exiting from "ERROR" dispatch, status 405
2019/10/11-15:51 [main] DEBUG org.springframework.web.context.ContextLoader- Published root WebApplicationContext as ServletContext attribute with name [org.springframework.web.context.WebApplicationContext.ROOT]
2019/10/11-15:51 [main] INFO  org.springframework.web.context.ContextLoader- Root WebApplicationContext: initialization completed in 868 ms
2019/10/11-15:51 [main] DEBUG org.springframework.web.servlet.handler.SimpleUrlHandlerMapping- Patterns [/**/favicon.ico] in 'faviconHandlerMapping'
2019/10/11-15:51 [main] DEBUG org.springframework.web.servlet.mvc.method.annotation.RequestMappingHandlerAdapter- ControllerAdvice beans: 0 @ModelAttribute, 0 @InitBinder, 1 RequestBodyAdvice, 1 ResponseBodyAdvice
2019/10/11-15:51 [main] DEBUG org.springframework.web.servlet.mvc.method.annotation.RequestMappingHandlerMapping- 4 mappings in 'requestMappingHandlerMapping'
2019/10/11-15:51 [main] DEBUG org.springframework.web.servlet.handler.SimpleUrlHandlerMapping- Patterns [/webjars/**, /**] in 'resourceHandlerMapping'
2019/10/11-15:51 [main] DEBUG org.springframework.web.servlet.mvc.method.annotation.ExceptionHandlerExceptionResolver- ControllerAdvice beans: 0 @ExceptionHandler, 1 ResponseBodyAdvice
2019/10/11-15:51 [http-nio-8080-exec-1] INFO  org.springframework.web.servlet.DispatcherServlet- Initializing Servlet 'dispatcherServlet'
2019/10/11-15:51 [http-nio-8080-exec-1] DEBUG org.springframework.web.servlet.DispatcherServlet- Detected StandardServletMultipartResolver
2019/10/11-15:51 [http-nio-8080-exec-1] DEBUG org.springframework.web.servlet.DispatcherServlet- enableLoggingRequestDetails='false': request parameters and headers will be masked to prevent unsafe logging of potentially sensitive data
2019/10/11-15:51 [http-nio-8080-exec-1] INFO  org.springframework.web.servlet.DispatcherServlet- Completed initialization in 10 ms
2019/10/11-15:51 [http-nio-8080-exec-1] DEBUG org.springframework.web.servlet.DispatcherServlet- GET "/orderPreCheck", parameters={}
2019/10/11-15:51 [http-nio-8080-exec-1] DEBUG org.springframework.web.servlet.mvc.method.annotation.RequestMappingHandlerMapping- Mapped to public com.baobao.bo.BasicResponseModel com.baobao.controller.ReceiveDataController.orderPreCheck()
2019/10/11-15:51 [http-nio-8080-exec-1] DEBUG org.springframework.web.servlet.mvc.method.annotation.RequestResponseBodyMethodProcessor- Using 'application/json;q=0.8', given [text/html, application/xhtml+xml, image/webp, image/apng, application/signed-exchange;v=b3, application/xml;q=0.9, */*;q=0.8] and supported [application/json, application/*+json, application/json, application/*+json]
2019/10/11-15:51 [http-nio-8080-exec-1] DEBUG org.springframework.web.servlet.mvc.method.annotation.RequestResponseBodyMethodProcessor- Writing [com.baobao.bo.BasicResponseModel@3ffa0943]
2019/10/11-15:51 [http-nio-8080-exec-1] DEBUG org.springframework.web.servlet.DispatcherServlet- Completed 200 OK
2019/10/11-15:54 [http-nio-8080-exec-5] DEBUG org.springframework.web.servlet.DispatcherServlet- POST "/orderPreCheck", parameters={masked}
2019/10/11-15:54 [http-nio-8080-exec-5] DEBUG org.springframework.web.servlet.mvc.method.annotation.RequestMappingHandlerMapping- Mapped to public com.baobao.bo.BasicResponseModel com.baobao.controller.ReceiveDataController.orderPreCheck()
2019/10/11-15:54 [http-nio-8080-exec-5] DEBUG org.springframework.web.servlet.mvc.method.annotation.RequestResponseBodyMethodProcessor- Using 'application/json', given [*/*] and supported [application/json, application/*+json, application/json, application/*+json]
2019/10/11-15:54 [http-nio-8080-exec-5] DEBUG org.springframework.web.servlet.mvc.method.annotation.RequestResponseBodyMethodProcessor- Writing [com.baobao.bo.BasicResponseModel@2573d086]
2019/10/11-15:54 [http-nio-8080-exec-5] DEBUG org.springframework.web.servlet.DispatcherServlet- Completed 200 OK
